2025-05-25 18:10:28,590 - INFO - Database initialized successfully: C:\Users\marku\tumorboards\master_tumorboard.db
2025-05-25 18:10:28,591 - INFO - Syncing collection file: C:\Users\marku\tumorboards\GAS-CHI-ONK\alle_tumorboards_gas-chi-onk.xlsx
2025-05-25 18:10:28,596 - INFO - Successfully imported 0 sessions and 0 patients from GAS-CHI-ONK
2025-05-25 18:10:28,597 - INFO - Syncing collection file: C:\Users\marku\tumorboards\GIT\alle_tumorboards_git.xlsx
2025-05-25 18:10:28,601 - INFO - Successfully imported 0 sessions and 0 patients from GIT
2025-05-25 18:10:28,601 - INFO - Syncing collection file: C:\Users\marku\tumorboards\Gyn\alle_tumorboards_gyn.xlsx
2025-05-25 18:10:28,607 - INFO - Successfully imported 0 sessions and 0 patients from Gyn
2025-05-25 18:10:28,607 - INFO - Syncing collection file: C:\Users\marku\tumorboards\HCC\alle_tumorboards_hcc.xlsx
2025-05-25 18:10:28,612 - INFO - Successfully imported 0 sessions and 0 patients from HCC
2025-05-25 18:10:28,612 - INFO - Syncing collection file: C:\Users\marku\tumorboards\HPB\alle_tumorboards_hpb.xlsx
2025-05-25 18:10:28,617 - INFO - Successfully imported 0 sessions and 0 patients from HPB
2025-05-25 18:10:28,618 - INFO - Syncing collection file: C:\Users\marku\tumorboards\Hyperthermie\alle_tumorboards_hyperthermie.xlsx
2025-05-25 18:10:28,622 - INFO - Successfully imported 0 sessions and 0 patients from Hyperthermie
2025-05-25 18:10:28,623 - INFO - Syncing collection file: C:\Users\marku\tumorboards\Hypophyse\alle_tumorboards_hypophyse.xlsx
2025-05-25 18:10:28,628 - INFO - Successfully imported 0 sessions and 0 patients from Hypophyse
2025-05-25 18:10:28,628 - INFO - Syncing collection file: C:\Users\marku\tumorboards\Hämato-Onkologie-Lymphome\alle_tumorboards_hämato-onkologie-lymphome.xlsx
2025-05-25 18:10:28,633 - INFO - Successfully imported 0 sessions and 0 patients from Hämato-Onkologie-Lymphome
2025-05-25 18:10:28,633 - INFO - Syncing collection file: C:\Users\marku\tumorboards\LLMZ\alle_tumorboards_llmz.xlsx
2025-05-25 18:10:28,639 - INFO - Successfully imported 0 sessions and 0 patients from LLMZ
2025-05-25 18:10:28,639 - INFO - Syncing collection file: C:\Users\marku\tumorboards\Melanome\alle_tumorboards_melanome.xlsx
2025-05-25 18:10:28,644 - INFO - Successfully imported 0 sessions and 0 patients from Melanome
2025-05-25 18:10:28,644 - INFO - Syncing collection file: C:\Users\marku\tumorboards\NET\alle_tumorboards_net.xlsx
2025-05-25 18:10:28,650 - INFO - Successfully imported 0 sessions and 0 patients from NET
2025-05-25 18:10:28,650 - INFO - Syncing collection file: C:\Users\marku\tumorboards\Neuro-Onkologie\alle_tumorboards_neuro-onkologie.xlsx
2025-05-25 18:10:28,655 - INFO - Successfully imported 0 sessions and 0 patients from Neuro-Onkologie
2025-05-25 18:10:28,656 - INFO - Syncing collection file: C:\Users\marku\tumorboards\ORL\alle_tumorboards_orl.xlsx
2025-05-25 18:10:28,662 - INFO - Successfully imported 0 sessions and 0 patients from ORL
2025-05-25 18:10:28,662 - INFO - Syncing collection file: C:\Users\marku\tumorboards\Paragangliome\alle_tumorboards_paragangliome.xlsx
2025-05-25 18:10:28,667 - INFO - Successfully imported 0 sessions and 0 patients from Paragangliome
2025-05-25 18:10:28,667 - INFO - Syncing collection file: C:\Users\marku\tumorboards\Protonentherapie\alle_tumorboards_protonentherapie.xlsx
2025-05-25 18:10:28,673 - INFO - Successfully imported 0 sessions and 0 patients from Protonentherapie
2025-05-25 18:10:28,673 - INFO - Syncing collection file: C:\Users\marku\tumorboards\Pädiatrie\alle_tumorboards_pädiatrie.xlsx
2025-05-25 18:10:28,678 - INFO - Successfully imported 0 sessions and 0 patients from Pädiatrie
2025-05-25 18:10:28,678 - INFO - Syncing collection file: C:\Users\marku\tumorboards\Sarkom\alle_tumorboards_sarkom.xlsx
2025-05-25 18:10:28,716 - INFO - Successfully imported 2 sessions and 36 patients from Sarkom
2025-05-25 18:10:28,716 - INFO - Syncing collection file: C:\Users\marku\tumorboards\Schilddrüse\alle_tumorboards_schilddrüse.xlsx
2025-05-25 18:10:28,722 - INFO - Successfully imported 0 sessions and 0 patients from Schilddrüse
2025-05-25 18:10:28,722 - INFO - Syncing collection file: C:\Users\marku\tumorboards\Schädelbasis\alle_tumorboards_schädelbasis.xlsx
2025-05-25 18:10:28,728 - INFO - Successfully imported 0 sessions and 0 patients from Schädelbasis
2025-05-25 18:10:28,728 - INFO - Syncing collection file: C:\Users\marku\tumorboards\Thorax\alle_tumorboards_thorax.xlsx
2025-05-25 18:10:28,733 - INFO - Successfully imported 0 sessions and 0 patients from Thorax
2025-05-25 18:10:28,734 - INFO - Syncing collection file: C:\Users\marku\tumorboards\Transplantationsboard\alle_tumorboards_transplantationsboard.xlsx
2025-05-25 18:10:28,739 - INFO - Successfully imported 0 sessions and 0 patients from Transplantationsboard
2025-05-25 18:10:28,740 - INFO - Syncing collection file: C:\Users\marku\tumorboards\Uro\alle_tumorboards_uro.xlsx
2025-05-25 18:10:28,745 - INFO - Successfully imported 0 sessions and 0 patients from Uro
2025-05-25 18:10:28,745 - INFO - Syncing collection file: C:\Users\marku\tumorboards\Vascular\alle_tumorboards_vascular.xlsx
2025-05-25 18:10:28,750 - INFO - Successfully imported 0 sessions and 0 patients from Vascular
2025-05-25 18:10:28,751 - INFO - Syncing collection file: C:\Users\marku\tumorboards\ZKGS\alle_tumorboards_zkgs.xlsx
2025-05-25 18:10:28,756 - INFO - Successfully imported 0 sessions and 0 patients from ZKGS
2025-05-25 18:10:28,757 - INFO - Successfully synced 24 collection files to database
2025-05-25 18:10:28,758 - INFO - Database initialized successfully: C:\Users\marku\tumorboards\master_tumorboard.db
2025-05-25 18:10:35,005 - INFO - Database initialized successfully: C:\Users\marku\tumorboards\master_tumorboard.db
2025-05-25 18:17:12,831 - INFO - Database initialized successfully: C:\Users\marku\tumorboards\master_tumorboard.db
2025-05-25 18:25:10,395 - INFO - Database initialized successfully: C:\Users\marku\tumorboards\master_tumorboard.db
2025-05-25 18:25:10,396 - INFO - Syncing collection file: C:\Users\marku\tumorboards\GAS-CHI-ONK\alle_tumorboards_gas-chi-onk.xlsx
2025-05-25 18:25:10,402 - INFO - Successfully imported 0 sessions and 0 patients from GAS-CHI-ONK
2025-05-25 18:25:10,403 - INFO - Syncing collection file: C:\Users\marku\tumorboards\GIT\alle_tumorboards_git.xlsx
2025-05-25 18:25:10,408 - INFO - Successfully imported 0 sessions and 0 patients from GIT
2025-05-25 18:25:10,408 - INFO - Syncing collection file: C:\Users\marku\tumorboards\Gyn\alle_tumorboards_gyn.xlsx
2025-05-25 18:25:10,413 - INFO - Successfully imported 0 sessions and 0 patients from Gyn
2025-05-25 18:25:10,414 - INFO - Syncing collection file: C:\Users\marku\tumorboards\HCC\alle_tumorboards_hcc.xlsx
2025-05-25 18:25:10,418 - INFO - Successfully imported 0 sessions and 0 patients from HCC
2025-05-25 18:25:10,419 - INFO - Syncing collection file: C:\Users\marku\tumorboards\HPB\alle_tumorboards_hpb.xlsx
2025-05-25 18:25:10,425 - INFO - Successfully imported 0 sessions and 0 patients from HPB
2025-05-25 18:25:10,425 - INFO - Syncing collection file: C:\Users\marku\tumorboards\Hyperthermie\alle_tumorboards_hyperthermie.xlsx
2025-05-25 18:25:10,430 - INFO - Successfully imported 0 sessions and 0 patients from Hyperthermie
2025-05-25 18:25:10,431 - INFO - Syncing collection file: C:\Users\marku\tumorboards\Hypophyse\alle_tumorboards_hypophyse.xlsx
2025-05-25 18:25:10,436 - INFO - Successfully imported 0 sessions and 0 patients from Hypophyse
2025-05-25 18:25:10,436 - INFO - Syncing collection file: C:\Users\marku\tumorboards\Hämato-Onkologie-Lymphome\alle_tumorboards_hämato-onkologie-lymphome.xlsx
2025-05-25 18:25:10,441 - INFO - Successfully imported 0 sessions and 0 patients from Hämato-Onkologie-Lymphome
2025-05-25 18:25:10,442 - INFO - Syncing collection file: C:\Users\marku\tumorboards\LLMZ\alle_tumorboards_llmz.xlsx
2025-05-25 18:25:10,447 - INFO - Successfully imported 0 sessions and 0 patients from LLMZ
2025-05-25 18:25:10,448 - INFO - Syncing collection file: C:\Users\marku\tumorboards\Melanome\alle_tumorboards_melanome.xlsx
2025-05-25 18:25:10,452 - INFO - Successfully imported 0 sessions and 0 patients from Melanome
2025-05-25 18:25:10,453 - INFO - Syncing collection file: C:\Users\marku\tumorboards\NET\alle_tumorboards_net.xlsx
2025-05-25 18:25:10,459 - INFO - Successfully imported 0 sessions and 0 patients from NET
2025-05-25 18:25:10,460 - INFO - Syncing collection file: C:\Users\marku\tumorboards\Neuro-Onkologie\alle_tumorboards_neuro-onkologie.xlsx
2025-05-25 18:25:10,465 - INFO - Successfully imported 0 sessions and 0 patients from Neuro-Onkologie
2025-05-25 18:25:10,465 - INFO - Syncing collection file: C:\Users\marku\tumorboards\ORL\alle_tumorboards_orl.xlsx
2025-05-25 18:25:10,470 - INFO - Successfully imported 0 sessions and 0 patients from ORL
2025-05-25 18:25:10,471 - INFO - Syncing collection file: C:\Users\marku\tumorboards\Paragangliome\alle_tumorboards_paragangliome.xlsx
2025-05-25 18:25:10,476 - INFO - Successfully imported 0 sessions and 0 patients from Paragangliome
2025-05-25 18:25:10,477 - INFO - Syncing collection file: C:\Users\marku\tumorboards\Protonentherapie\alle_tumorboards_protonentherapie.xlsx
2025-05-25 18:25:10,482 - INFO - Successfully imported 0 sessions and 0 patients from Protonentherapie
2025-05-25 18:25:10,482 - INFO - Syncing collection file: C:\Users\marku\tumorboards\Pädiatrie\alle_tumorboards_pädiatrie.xlsx
2025-05-25 18:25:10,487 - INFO - Successfully imported 0 sessions and 0 patients from Pädiatrie
2025-05-25 18:25:10,487 - INFO - Syncing collection file: C:\Users\marku\tumorboards\Sarkom\alle_tumorboards_sarkom.xlsx
2025-05-25 18:25:10,533 - INFO - Successfully imported 2 sessions and 36 patients from Sarkom
2025-05-25 18:25:10,534 - INFO - Syncing collection file: C:\Users\marku\tumorboards\Schilddrüse\alle_tumorboards_schilddrüse.xlsx
2025-05-25 18:25:10,540 - INFO - Successfully imported 0 sessions and 0 patients from Schilddrüse
2025-05-25 18:25:10,540 - INFO - Syncing collection file: C:\Users\marku\tumorboards\Schädelbasis\alle_tumorboards_schädelbasis.xlsx
2025-05-25 18:25:10,546 - INFO - Successfully imported 0 sessions and 0 patients from Schädelbasis
2025-05-25 18:25:10,546 - INFO - Syncing collection file: C:\Users\marku\tumorboards\Thorax\alle_tumorboards_thorax.xlsx
2025-05-25 18:25:10,551 - INFO - Successfully imported 0 sessions and 0 patients from Thorax
2025-05-25 18:25:10,551 - INFO - Syncing collection file: C:\Users\marku\tumorboards\Transplantationsboard\alle_tumorboards_transplantationsboard.xlsx
2025-05-25 18:25:10,556 - INFO - Successfully imported 0 sessions and 0 patients from Transplantationsboard
2025-05-25 18:25:10,557 - INFO - Syncing collection file: C:\Users\marku\tumorboards\Uro\alle_tumorboards_uro.xlsx
2025-05-25 18:25:10,562 - INFO - Successfully imported 0 sessions and 0 patients from Uro
2025-05-25 18:25:10,562 - INFO - Syncing collection file: C:\Users\marku\tumorboards\Vascular\alle_tumorboards_vascular.xlsx
2025-05-25 18:25:10,568 - INFO - Successfully imported 0 sessions and 0 patients from Vascular
2025-05-25 18:25:10,568 - INFO - Syncing collection file: C:\Users\marku\tumorboards\ZKGS\alle_tumorboards_zkgs.xlsx
2025-05-25 18:25:10,573 - INFO - Successfully imported 0 sessions and 0 patients from ZKGS
2025-05-25 18:25:10,573 - INFO - Successfully synced 24 collection files to database
2025-05-25 18:25:10,575 - INFO - Database initialized successfully: C:\Users\marku\tumorboards\master_tumorboard.db
2025-05-25 18:45:44,466 - INFO - Database initialized successfully: C:\Users\marku\tumorboards\master_tumorboard.db
2025-05-25 18:45:58,954 - INFO - Database initialized successfully: C:\Users\marku\tumorboards\master_tumorboard.db
2025-05-25 18:46:09,577 - INFO - Database initialized successfully: C:\Users\marku\tumorboards\master_tumorboard.db
2025-05-25 18:46:09,657 - INFO - Comprehensive analysis report exported to: C:\Users\marku\tumorboards\tumorboard_analysis_report_20250525_184609.xlsx
2025-05-25 18:46:10,187 - INFO - Using categorical units to plot a list of strings that are all parsable as floats or dates. If these strings should be plotted as numbers, cast to the appropriate data type before plotting.
2025-05-25 18:46:10,187 - INFO - Using categorical units to plot a list of strings that are all parsable as floats or dates. If these strings should be plotted as numbers, cast to the appropriate data type before plotting.
2025-05-25 18:46:10,581 - INFO - Visualization charts saved to: C:\Users\marku\tumorboards\analysis_charts
2025-05-25 18:46:10,582 - INFO - Full analysis report generated successfully
2025-05-25 19:01:41,535 - INFO - Database initialized successfully: C:\Users\marku\tumorboards\master_tumorboard.db
2025-05-25 19:01:41,620 - INFO - Comprehensive analysis report exported to: C:\Users\marku\tumorboards\tumorboard_analysis_report_20250525_190141.xlsx
2025-05-25 19:01:42,153 - INFO - Using categorical units to plot a list of strings that are all parsable as floats or dates. If these strings should be plotted as numbers, cast to the appropriate data type before plotting.
2025-05-25 19:01:42,154 - INFO - Using categorical units to plot a list of strings that are all parsable as floats or dates. If these strings should be plotted as numbers, cast to the appropriate data type before plotting.
2025-05-25 19:01:42,155 - INFO - Using categorical units to plot a list of strings that are all parsable as floats or dates. If these strings should be plotted as numbers, cast to the appropriate data type before plotting.
2025-05-25 19:01:42,155 - INFO - Using categorical units to plot a list of strings that are all parsable as floats or dates. If these strings should be plotted as numbers, cast to the appropriate data type before plotting.
2025-05-25 19:01:42,571 - INFO - Visualization charts saved to: C:\Users\marku\tumorboards\analysis_charts
2025-05-25 19:01:42,571 - INFO - Full analysis report generated successfully
2025-05-25 21:18:04,388 - INFO - Database initialized successfully: C:\Users\marku\tumorboards\master_tumorboard.db
2025-05-25 21:18:26,349 - INFO - Database initialized successfully: C:\Users\marku\tumorboards\master_tumorboard.db
2025-05-25 21:18:26,481 - INFO - Comprehensive analysis report exported to: C:\Users\marku\tumorboards\tumorboard_analysis_report_20250525_211826.xlsx
2025-05-25 21:18:27,007 - INFO - Using categorical units to plot a list of strings that are all parsable as floats or dates. If these strings should be plotted as numbers, cast to the appropriate data type before plotting.
2025-05-25 21:18:27,009 - INFO - Using categorical units to plot a list of strings that are all parsable as floats or dates. If these strings should be plotted as numbers, cast to the appropriate data type before plotting.
2025-05-25 21:18:27,009 - INFO - Using categorical units to plot a list of strings that are all parsable as floats or dates. If these strings should be plotted as numbers, cast to the appropriate data type before plotting.
2025-05-25 21:18:27,010 - INFO - Using categorical units to plot a list of strings that are all parsable as floats or dates. If these strings should be plotted as numbers, cast to the appropriate data type before plotting.
2025-05-25 21:18:27,431 - INFO - Visualization charts saved to: C:\Users\marku\tumorboards\analysis_charts
2025-05-25 21:18:27,431 - INFO - Full analysis report generated successfully
2025-05-25 21:59:20,882 - INFO - Database initialized successfully: C:\Users\marku\tumorboards\master_tumorboard.db
2025-05-26 20:33:57,968 - INFO - Database initialized successfully: C:\Users\marku\tumorboards\master_tumorboard.db
2025-05-26 20:33:57,970 - INFO - Database initialized successfully: C:\Users\marku\tumorboards\master_tumorboard.db
2025-05-26 20:37:33,618 - INFO - Database initialized successfully: C:\Users\marku\tumorboards\master_tumorboard.db
2025-05-26 20:42:45,609 - INFO - Database initialized successfully: C:\Users\marku\tumorboards\master_tumorboard.db
2025-05-26 20:42:45,610 - INFO - Database connections closed
2025-05-26 20:42:46,819 - INFO - Database initialized successfully: C:\Users\marku\tumorboards\master_tumorboard.db
2025-05-26 20:42:50,755 - INFO - Database initialized successfully: C:\Users\marku\tumorboards\master_tumorboard.db
2025-05-26 21:38:26,754 - INFO - Database initialized successfully: C:\Users\marku\tumorboards\master_tumorboard.db
2025-05-26 22:12:36,474 - INFO - Database initialized successfully: C:\Users\marku\tumorboards\__SQLite_database\master_tumorboard.db
2025-06-15 12:19:10,485 - INFO - Database initialized successfully: C:\Users\marku\tumorboards\__SQLite_database\master_tumorboard.db
2025-06-15 12:19:10,486 - INFO - Database connections closed
2025-06-15 12:19:11,551 - INFO - Database initialized successfully: C:\Users\marku\tumorboards\__SQLite_database\master_tumorboard.db
2025-06-15 12:29:03,638 - INFO - Database initialized successfully: C:\Users\marku\tumorboards\__SQLite_database\master_tumorboard.db
2025-06-15 12:29:23,949 - INFO - Database initialized successfully: C:\Users\marku\tumorboards\__SQLite_database\master_tumorboard.db
2025-06-15 12:29:23,998 - INFO - Database exported to Excel: C:\Users\marku\tumorboards\__SQLite_database\master_database_export_20250615_122923.xlsx
2025-06-15 13:53:21,375 - ERROR - Error initializing database: no such column: icd_family
2025-06-15 13:53:29,608 - ERROR - Error initializing database: no such column: icd_family
2025-06-15 14:12:01,696 - INFO - Database initialized successfully: C:\Users\marku\tumorboards\__SQLite_database\master_tumorboard.db
2025-06-15 14:12:01,735 - INFO - Database exported to Excel: C:\Users\marku\tumorboards\__SQLite_database\master_database_export_20250615_141201.xlsx
2025-06-15 14:33:25,576 - INFO - Database initialized successfully: C:\Users\marku\tumorboards\__SQLite_database\master_tumorboard.db
2025-06-15 14:33:25,620 - INFO - Database exported to Excel: C:\Users\marku\tumorboards\__SQLite_database\master_database_export_20250615_143325.xlsx
2025-06-15 14:48:13,545 - INFO - Database initialized successfully: C:\Users\marku\tumorboards\__SQLite_database\master_tumorboard.db
2025-06-15 14:48:13,587 - INFO - Database exported to Excel: C:\Users\marku\tumorboards\__SQLite_database\master_database_export_20250615_144813.xlsx
2025-06-15 14:56:09,089 - INFO - Database initialized successfully: C:\Users\marku\tumorboards\__SQLite_database\master_tumorboard.db
2025-06-15 14:56:09,127 - INFO - Database exported to Excel: C:\Users\marku\tumorboards\__SQLite_database\master_database_export_20250615_145609.xlsx
